<?xml version="1.0" encoding="UTF-8"?>
<!-- Generated by org.testng.reporters.JUnitReportReporter -->
<testsuite hostname="LAPTOP-ENKKSIDV" failures="0" tests="1" name="runner.TestRunner" time="19.867" errors="0" timestamp="2025-03-11T12:06:52 IST" skipped="0">
  <testcase classname="runner.TestRunner" name="runScenario" time="19.867"/>
  <system-out/>
</testsuite> <!-- runner.TestRunner -->
