<?xml version="1.0" encoding="UTF-8"?>
<!-- Generated by org.testng.reporters.JUnitReportReporter -->
<testsuite hostname="LAPTOP-ENKKSIDV" failures="0" tests="1" name="runner.TestRunner" time="18.559" errors="0" timestamp="2025-03-12T10:58:08 IST" skipped="0">
  <testcase classname="runner.TestRunner" name="runScenario" time="18.559"/>
  <system-out/>
</testsuite> <!-- runner.TestRunner -->
